<?xml version="1.0" encoding="UTF-8"?>
<!-- Generated by org.testng.reporters.JUnitReportReporter -->
<testsuite hostname="DESKTOP-1CCS179" failures="0" tests="2" name="com.opencart.testlayer.LoginTest" time="26.133" errors="0" timestamp="2024-03-23T09:08:07 IST" skipped="0">
  <testcase classname="com.opencart.testlayer.LoginTest" name="verifyLoginTestWithValidDetails" time="10.261"/>
  <system-out/>
  <testcase classname="com.opencart.testlayer.LoginTest" name="verifyLoginTestWithInValidDetails" time="15.872"/>
  <system-out/>
</testsuite> <!-- com.opencart.testlayer.LoginTest -->
